2023-05-25T20:12:45.566+08:00	[31;1m error [0m	bad resolver state	caller=internal/discovbuilder.go:34
2023-05-25T20:42:55.329+08:00	[31;1m error [0m	bad resolver state	caller=internal/discovbuilder.go:34
2023-05-25T20:44:52.127+08:00	[31;1m error [0m	bad resolver state	caller=internal/discovbuilder.go:34
2023-05-25T20:46:50.508+08:00	[31;1m error [0m	bad resolver state	caller=internal/discovbuilder.go:34
2023-05-25T21:13:51.840+08:00	[31;1m error [0m	bad resolver state	caller=internal/discovbuilder.go:34
2023-05-25T21:14:08.031+08:00	[31;1m error [0m	bad resolver state	caller=internal/discovbuilder.go:34
2023-05-25T22:13:59.521+08:00	[31;1m error [0m	bad resolver state	caller=internal/discovbuilder.go:34
2023-05-25T22:15:03.815+08:00	[31;1m error [0m	fail - etcd:/localhost:2379/user.rpc/user.User/CheckTwitterId - twitter_id:"1498198918672580608" - rpc error: code = Unknown desc = sql: no rows in result set	duration=9.0ms	caller=clientinterceptors/durationinterceptor.go:35	trace=b97019d4680cc0306934364fd2cc990e	span=95337e2d315e28a4
2023-05-25T22:15:28.819+08:00	[31;1m error [0m	[HTTP] [103;90;1m 500 [0m - [46;97;1m POST [0m /v1/user/adminLogin - 192.168.1.104:3030 - Apifox/1.0.0 (https://www.apifox.cn)
POST /v1/user/adminLogin HTTP/1.1
Host: 192.168.1.104:8888
Accept: */*
Accept-Encoding: gzip, deflate, br
Authorization: eyJhbGciOiJIUzI1NiIsInR5cCI6IkpXVCJ9.eyJleHAiOjE2ODU0Mzg4NjIsImlhdCI6MTY4NDgzNDA2MiwidXNlcklkIjoxNjYwOTMyMTU5NzAwOTk2MDk2fQ.XKfSyB_eHtUFltX2Et03s5r_RdXZeiEumVYBQFZkvmw
Connection: keep-alive
Content-Length: 0
User-Agent: Apifox/1.0.0 (https://www.apifox.cn)

	duration=0.0ms	caller=handler/loghandler.go:162	trace=bd2cfbe5edab9044ffc8d81e11f9bdce	span=ad331f683781717b
2023-05-25T22:18:00.810+08:00	[31;1m error [0m	fail - etcd:/localhost:2379/user.rpc/user.User/AdminLogin - admin_name:"Donna White" admin_passwd:"SO5X@string" - rpc error: code = Unknown desc = sql: no rows in result set	duration=3.3ms	caller=clientinterceptors/durationinterceptor.go:35	trace=9a43f5e526556de4e15479d19e4d8270	span=a45f26c30db91145
2023-05-25T22:18:00.810+08:00	[31;1m error [0m	(/v1/user/adminLogin - 192.168.1.104:3112) runtime error: invalid memory address or nil pointer dereference
goroutine 61 [running]:
runtime/debug.Stack()
	C:/Program Files/Go/src/runtime/debug/stack.go:24 +0x65
github.com/zeromicro/go-zero/rest/handler.RecoverHandler.func1.1()
	C:/Users/Admin/go/pkg/mod/github.com/zeromicro/go-zero@v1.5.2/rest/handler/recoverhandler.go:16 +0x66
panic({0x1f3b0c0, 0x32e9b10})
	C:/Program Files/Go/src/runtime/panic.go:838 +0x207
gateway/internal/logic/user.(*AdminLoginLogic).AdminLogin(0xc000243cf8, 0xc0004a6280)
	C:/Users/Admin/Desktop/NEWEDDY/apiGateway-Service/gateway/internal/logic/user/adminloginlogic.go:50 +0x130
gateway/internal/handler/user.AdminLoginHandler.func1({0x24b18a0, 0xc000710360}, 0xc00039c700)
	C:/Users/Admin/Desktop/NEWEDDY/apiGateway-Service/gateway/internal/handler/user/adminloginhandler.go:21 +0x1a7
net/http.HandlerFunc.ServeHTTP(0x0?, {0x24b18a0?, 0xc000710360?}, 0xc0001124f0?)
	C:/Program Files/Go/src/net/http/server.go:2084 +0x2f
github.com/zeromicro/go-zero/rest/handler.GunzipHandler.func1({0x24b18a0, 0xc000710360}, 0xc00039c700)
	C:/Users/Admin/go/pkg/mod/github.com/zeromicro/go-zero@v1.5.2/rest/handler/gunziphandler.go:26 +0xe9
net/http.HandlerFunc.ServeHTTP(0xedc016518?, {0x24b18a0?, 0xc000710360?}, 0x887ae740d?)
	C:/Program Files/Go/src/net/http/server.go:2084 +0x2f
github.com/zeromicro/go-zero/rest/handler.MaxBytesHandler.func2.1({0x24b18a0?, 0xc000710360?}, 0x331dbe0?)
	C:/Users/Admin/go/pkg/mod/github.com/zeromicro/go-zero@v1.5.2/rest/handler/maxbyteshandler.go:24 +0xff
net/http.HandlerFunc.ServeHTTP(0xc00000be78?, {0x24b18a0?, 0xc000710360?}, 0xc00000bed8?)
	C:/Program Files/Go/src/net/http/server.go:2084 +0x2f
github.com/zeromicro/go-zero/rest/handler.MetricHandler.func1.1({0x24b18a0, 0xc000710360}, 0xc000784350?)
	C:/Users/Admin/go/pkg/mod/github.com/zeromicro/go-zero@v1.5.2/rest/handler/metrichandler.go:21 +0xd5
net/http.HandlerFunc.ServeHTTP(0xe1e720?, {0x24b18a0?, 0xc000710360?}, 0xc00000bf30?)
	C:/Program Files/Go/src/net/http/server.go:2084 +0x2f
github.com/zeromicro/go-zero/rest/handler.RecoverHandler.func1({0x24b18a0?, 0xc000710360?}, 0xecede7?)
	C:/Users/Admin/go/pkg/mod/github.com/zeromicro/go-zero@v1.5.2/rest/handler/recoverhandler.go:21 +0x83
net/http.HandlerFunc.ServeHTTP(0x0?, {0x24b18a0?, 0xc000710360?}, 0x9252e5?)
	C:/Program Files/Go/src/net/http/server.go:2084 +0x2f
github.com/zeromicro/go-zero/rest/handler.(*timeoutHandler).ServeHTTP.func1()
	C:/Users/Admin/go/pkg/mod/github.com/zeromicro/go-zero@v1.5.2/rest/handler/timeouthandler.go:81 +0x7c
created by github.com/zeromicro/go-zero/rest/handler.(*timeoutHandler).ServeHTTP
	C:/Users/Admin/go/pkg/mod/github.com/zeromicro/go-zero@v1.5.2/rest/handler/timeouthandler.go:75 +0x490
	caller=internal/log.go:57	trace=9a43f5e526556de4e15479d19e4d8270	span=43414f2d4b8f0202
2023-05-25T22:18:00.810+08:00	[31;1m error [0m	[HTTP] [103;90;1m 500 [0m - [46;97;1m POST [0m /v1/user/adminLogin - 192.168.1.104:3112 - Apifox/1.0.0 (https://www.apifox.cn)
POST /v1/user/adminLogin HTTP/1.1
Host: 192.168.1.104:8888
Accept: */*
Accept-Encoding: gzip, deflate, br
Connection: keep-alive
Content-Length: 73
Content-Type: application/json
User-Agent: Apifox/1.0.0 (https://www.apifox.cn)

{
    "adminName": "Donna White",
    "adminPassword": "SO5X@string"
}	duration=4.0ms	caller=handler/loghandler.go:162	trace=9a43f5e526556de4e15479d19e4d8270	span=43414f2d4b8f0202
2023-05-25T22:18:20.468+08:00	[31;1m error [0m	fail - etcd:/localhost:2379/user.rpc/user.User/AdminLogin - admin_name:"admin" admin_passwd:"123123456" - rpc error: code = Unknown desc = crypto/bcrypt: hashedPassword is not the hash of the given password	duration=51.2ms	caller=clientinterceptors/durationinterceptor.go:35	trace=b46a743f05cfed997319e8011b574181	span=102082043bba5784
2023-05-25T22:18:20.468+08:00	[31;1m error [0m	(/v1/user/adminLogin - 192.168.1.104:3122) runtime error: invalid memory address or nil pointer dereference
goroutine 116 [running]:
runtime/debug.Stack()
	C:/Program Files/Go/src/runtime/debug/stack.go:24 +0x65
github.com/zeromicro/go-zero/rest/handler.RecoverHandler.func1.1()
	C:/Users/Admin/go/pkg/mod/github.com/zeromicro/go-zero@v1.5.2/rest/handler/recoverhandler.go:16 +0x66
panic({0x1f3b0c0, 0x32e9b10})
	C:/Program Files/Go/src/runtime/panic.go:838 +0x207
gateway/internal/logic/user.(*AdminLoginLogic).AdminLogin(0xc0005bfcf8, 0xc00008f300)
	C:/Users/Admin/Desktop/NEWEDDY/apiGateway-Service/gateway/internal/logic/user/adminloginlogic.go:50 +0x130
gateway/internal/handler/user.AdminLoginHandler.func1({0x24b18a0, 0xc0005b2960}, 0xc00059e900)
	C:/Users/Admin/Desktop/NEWEDDY/apiGateway-Service/gateway/internal/handler/user/adminloginhandler.go:21 +0x1a7
net/http.HandlerFunc.ServeHTTP(0x0?, {0x24b18a0?, 0xc0005b2960?}, 0xc0005ae120?)
	C:/Program Files/Go/src/net/http/server.go:2084 +0x2f
github.com/zeromicro/go-zero/rest/handler.GunzipHandler.func1({0x24b18a0, 0xc0005b2960}, 0xc00059e900)
	C:/Users/Admin/go/pkg/mod/github.com/zeromicro/go-zero@v1.5.2/rest/handler/gunziphandler.go:26 +0xe9
net/http.HandlerFunc.ServeHTTP(0xedc01652c?, {0x24b18a0?, 0xc0005b2960?}, 0xd1879c871?)
	C:/Program Files/Go/src/net/http/server.go:2084 +0x2f
github.com/zeromicro/go-zero/rest/handler.MaxBytesHandler.func2.1({0x24b18a0?, 0xc0005b2960?}, 0x331dbe0?)
	C:/Users/Admin/go/pkg/mod/github.com/zeromicro/go-zero@v1.5.2/rest/handler/maxbyteshandler.go:24 +0xff
net/http.HandlerFunc.ServeHTTP(0x0?, {0x24b18a0?, 0xc0005b2960?}, 0x0?)
	C:/Program Files/Go/src/net/http/server.go:2084 +0x2f
github.com/zeromicro/go-zero/rest/handler.MetricHandler.func1.1({0x24b18a0, 0xc0005b2960}, 0x4?)
	C:/Users/Admin/go/pkg/mod/github.com/zeromicro/go-zero@v1.5.2/rest/handler/metrichandler.go:21 +0xd5
net/http.HandlerFunc.ServeHTTP(0xc000563f30?, {0x24b18a0?, 0xc0005b2960?}, 0xc000563f48?)
	C:/Program Files/Go/src/net/http/server.go:2084 +0x2f
github.com/zeromicro/go-zero/rest/handler.RecoverHandler.func1({0x24b18a0?, 0xc0005b2960?}, 0xba47df?)
	C:/Users/Admin/go/pkg/mod/github.com/zeromicro/go-zero@v1.5.2/rest/handler/recoverhandler.go:21 +0x83
net/http.HandlerFunc.ServeHTTP(0xc00010acd0?, {0x24b18a0?, 0xc0005b2960?}, 0x9252e5?)
	C:/Program Files/Go/src/net/http/server.go:2084 +0x2f
github.com/zeromicro/go-zero/rest/handler.(*timeoutHandler).ServeHTTP.func1()
	C:/Users/Admin/go/pkg/mod/github.com/zeromicro/go-zero@v1.5.2/rest/handler/timeouthandler.go:81 +0x7c
created by github.com/zeromicro/go-zero/rest/handler.(*timeoutHandler).ServeHTTP
	C:/Users/Admin/go/pkg/mod/github.com/zeromicro/go-zero@v1.5.2/rest/handler/timeouthandler.go:75 +0x490
	caller=internal/log.go:57	trace=b46a743f05cfed997319e8011b574181	span=81105e241c1bb44e
2023-05-25T22:18:20.468+08:00	[31;1m error [0m	[HTTP] [103;90;1m 500 [0m - [46;97;1m POST [0m /v1/user/adminLogin - 192.168.1.104:3122 - Apifox/1.0.0 (https://www.apifox.cn)
POST /v1/user/adminLogin HTTP/1.1
Host: 192.168.1.104:8888
Accept: */*
Accept-Encoding: gzip, deflate, br
Connection: keep-alive
Content-Length: 65
Content-Type: application/json
User-Agent: Apifox/1.0.0 (https://www.apifox.cn)

{
    "adminName": "admin",
    "adminPassword": "123123456"
}	duration=52.6ms	caller=handler/loghandler.go:162	trace=b46a743f05cfed997319e8011b574181	span=81105e241c1bb44e
2023-05-25T22:19:35.857+08:00	[31;1m error [0m	fail - etcd:/localhost:2379/user.rpc/user.User/AdminLogin - admin_name:"admin" admin_passwd:"123123456" - rpc error: code = Unknown desc = crypto/bcrypt: hashedPassword is not the hash of the given password	duration=53.2ms	caller=clientinterceptors/durationinterceptor.go:35	trace=a0a2ace10948604d06e3d7b8eddf9f66	span=c082896def1ab2e1
2023-05-25T22:19:35.857+08:00	[31;1m error [0m	(/v1/user/adminLogin - 192.168.1.104:3160) runtime error: invalid memory address or nil pointer dereference
goroutine 119 [running]:
runtime/debug.Stack()
	C:/Program Files/Go/src/runtime/debug/stack.go:24 +0x65
github.com/zeromicro/go-zero/rest/handler.RecoverHandler.func1.1()
	C:/Users/Admin/go/pkg/mod/github.com/zeromicro/go-zero@v1.5.2/rest/handler/recoverhandler.go:16 +0x66
panic({0x1f3b0c0, 0x32e9b10})
	C:/Program Files/Go/src/runtime/panic.go:838 +0x207
gateway/internal/logic/user.(*AdminLoginLogic).AdminLogin(0xc000243cf8, 0xc00008f9a0)
	C:/Users/Admin/Desktop/NEWEDDY/apiGateway-Service/gateway/internal/logic/user/adminloginlogic.go:50 +0x130
gateway/internal/handler/user.AdminLoginHandler.func1({0x24b18a0, 0xc00024e060}, 0xc000154700)
	C:/Users/Admin/Desktop/NEWEDDY/apiGateway-Service/gateway/internal/handler/user/adminloginhandler.go:21 +0x1a7
net/http.HandlerFunc.ServeHTTP(0x0?, {0x24b18a0?, 0xc00024e060?}, 0xc00079ab70?)
	C:/Program Files/Go/src/net/http/server.go:2084 +0x2f
github.com/zeromicro/go-zero/rest/handler.GunzipHandler.func1({0x24b18a0, 0xc00024e060}, 0xc000154700)
	C:/Users/Admin/go/pkg/mod/github.com/zeromicro/go-zero@v1.5.2/rest/handler/gunziphandler.go:26 +0xe9
net/http.HandlerFunc.ServeHTTP(0xedc016577?, {0x24b18a0?, 0xc00024e060?}, 0x1ea60370b9?)
	C:/Program Files/Go/src/net/http/server.go:2084 +0x2f
github.com/zeromicro/go-zero/rest/handler.MaxBytesHandler.func2.1({0x24b18a0?, 0xc00024e060?}, 0x331dbe0?)
	C:/Users/Admin/go/pkg/mod/github.com/zeromicro/go-zero@v1.5.2/rest/handler/maxbyteshandler.go:24 +0xff
net/http.HandlerFunc.ServeHTTP(0x0?, {0x24b18a0?, 0xc00024e060?}, 0x0?)
	C:/Program Files/Go/src/net/http/server.go:2084 +0x2f
github.com/zeromicro/go-zero/rest/handler.MetricHandler.func1.1({0x24b18a0, 0xc00024e060}, 0x4?)
	C:/Users/Admin/go/pkg/mod/github.com/zeromicro/go-zero@v1.5.2/rest/handler/metrichandler.go:21 +0xd5
net/http.HandlerFunc.ServeHTTP(0xc0005cbf30?, {0x24b18a0?, 0xc00024e060?}, 0xc0005cbf48?)
	C:/Program Files/Go/src/net/http/server.go:2084 +0x2f
github.com/zeromicro/go-zero/rest/handler.RecoverHandler.func1({0x24b18a0?, 0xc00024e060?}, 0xba47df?)
	C:/Users/Admin/go/pkg/mod/github.com/zeromicro/go-zero@v1.5.2/rest/handler/recoverhandler.go:21 +0x83
net/http.HandlerFunc.ServeHTTP(0xc00010b090?, {0x24b18a0?, 0xc00024e060?}, 0x9252e5?)
	C:/Program Files/Go/src/net/http/server.go:2084 +0x2f
github.com/zeromicro/go-zero/rest/handler.(*timeoutHandler).ServeHTTP.func1()
	C:/Users/Admin/go/pkg/mod/github.com/zeromicro/go-zero@v1.5.2/rest/handler/timeouthandler.go:81 +0x7c
created by github.com/zeromicro/go-zero/rest/handler.(*timeoutHandler).ServeHTTP
	C:/Users/Admin/go/pkg/mod/github.com/zeromicro/go-zero@v1.5.2/rest/handler/timeouthandler.go:75 +0x490
	caller=internal/log.go:57	trace=a0a2ace10948604d06e3d7b8eddf9f66	span=98cc8aa048d7800b
2023-05-25T22:19:35.857+08:00	[31;1m error [0m	[HTTP] [103;90;1m 500 [0m - [46;97;1m POST [0m /v1/user/adminLogin - 192.168.1.104:3160 - Apifox/1.0.0 (https://www.apifox.cn)
POST /v1/user/adminLogin HTTP/1.1
Host: 192.168.1.104:8888
Accept: */*
Accept-Encoding: gzip, deflate, br
Connection: keep-alive
Content-Length: 65
Content-Type: application/json
User-Agent: Apifox/1.0.0 (https://www.apifox.cn)

{
    "adminName": "admin",
    "adminPassword": "123123456"
}	duration=53.2ms	caller=handler/loghandler.go:162	trace=a0a2ace10948604d06e3d7b8eddf9f66	span=98cc8aa048d7800b
2023-05-25T22:19:58.568+08:00	[31;1m error [0m	fail - etcd:/localhost:2379/user.rpc/user.User/AdminLogin - admin_name:"admin" admin_passwd:"123123456" - rpc error: code = Unknown desc = crypto/bcrypt: hashedPassword is not the hash of the given password	duration=51.1ms	caller=clientinterceptors/durationinterceptor.go:35	trace=62d19bc33706b57a1399df03e1995f7a	span=f8119c479364f6b0
2023-05-25T22:19:58.568+08:00	[31;1m error [0m	rpc error: code = Unknown desc = crypto/bcrypt: hashedPassword is not the hash of the given password	caller=user/adminloginlogic.go:48
2023-05-25T22:19:58.568+08:00	[31;1m error [0m	[HTTP] [103;90;1m 500 [0m - [46;97;1m POST [0m /v1/user/adminLogin - 192.168.1.104:3175 - Apifox/1.0.0 (https://www.apifox.cn)
POST /v1/user/adminLogin HTTP/1.1
Host: 192.168.1.104:8888
Accept: */*
Accept-Encoding: gzip, deflate, br
Connection: keep-alive
Content-Length: 65
Content-Type: application/json
User-Agent: Apifox/1.0.0 (https://www.apifox.cn)

{
    "adminName": "admin",
    "adminPassword": "123123456"
}	duration=51.2ms	caller=handler/loghandler.go:162	trace=62d19bc33706b57a1399df03e1995f7a	span=2e793378fe3c09cb
2023-05-25T22:20:24.385+08:00	[31;1m error [0m	fail - etcd:/localhost:2379/user.rpc/user.User/AdminLogin - admin_name:"admin" admin_passwd:"123123456" - rpc error: code = Unknown desc = crypto/bcrypt: hashedPassword is not the hash of the given password	duration=51.0ms	caller=clientinterceptors/durationinterceptor.go:35	trace=e15853110069472699671c2f488d7221	span=af484c27eee85f0c
2023-05-25T22:20:24.385+08:00	[31;1m error [0m	rpc error: code = Unknown desc = crypto/bcrypt: hashedPassword is not the hash of the given password	caller=user/adminloginlogic.go:49
2023-05-25T22:20:24.386+08:00	[31;1m error [0m	[HTTP] [103;90;1m 500 [0m - [46;97;1m POST [0m /v1/user/adminLogin - 192.168.1.104:3180 - Apifox/1.0.0 (https://www.apifox.cn)
POST /v1/user/adminLogin HTTP/1.1
Host: 192.168.1.104:8888
Accept: */*
Accept-Encoding: gzip, deflate, br
Connection: keep-alive
Content-Length: 65
Content-Type: application/json
User-Agent: Apifox/1.0.0 (https://www.apifox.cn)

{
    "adminName": "admin",
    "adminPassword": "123123456"
}	duration=51.9ms	caller=handler/loghandler.go:162	trace=e15853110069472699671c2f488d7221	span=480a44dac2b4acee
